c:\users\ksh16\documents\algorithm\step_5\x64\debug\vc141.pdb
c:\users\ksh16\documents\algorithm\step_5\x64\debug\vc141.idb
c:\users\ksh16\documents\algorithm\step_5\x64\debug\step5_3052.obj
c:\users\ksh16\documents\algorithm\step_5\x64\debug\step5_2562.obj
c:\users\ksh16\documents\algorithm\step_5\x64\debug\step5_2557.obj
c:\users\ksh16\documents\algorithm\step_5\x64\debug\step5_1546.obj
c:\users\ksh16\documents\algorithm\step_5\x64\debug\step5_10818.obj
c:\users\ksh16\documents\algorithm\step_5\x64\debug\step5_8958.obj
c:\users\ksh16\documents\algorithm\upup_skillup_powerup\step_5\x64\debug\vc142.pdb
c:\users\ksh16\documents\algorithm\upup_skillup_powerup\step_5\x64\debug\vc142.idb
c:\users\ksh16\documents\algorithm\upup_skillup_powerup\step_5\x64\debug\step5_8958.obj
c:\users\ksh16\documents\algorithm\upup_skillup_powerup\step_5\x64\debug\step5_4344.obj
c:\users\ksh16\documents\algorithm\upup_skillup_powerup\step_5\x64\debug\step5_3052.obj
c:\users\ksh16\documents\algorithm\upup_skillup_powerup\step_5\x64\debug\step5_2562.obj
c:\users\ksh16\documents\algorithm\upup_skillup_powerup\step_5\x64\debug\step5_2557.obj
c:\users\ksh16\documents\algorithm\upup_skillup_powerup\step_5\x64\debug\step5_1546.obj
c:\users\ksh16\documents\algorithm\upup_skillup_powerup\step_5\x64\debug\step5_10818.obj
c:\users\ksh16\documents\algorithm\x64\debug\step_5.exe
c:\users\ksh16\documents\algorithm\x64\debug\step_5.ilk
c:\users\ksh16\documents\algorithm\x64\debug\step_5.pdb
c:\users\ksh16\documents\algorithm\upup_skillup_powerup\x64\debug\step_5.ilk
c:\users\ksh16\documents\algorithm\upup_skillup_powerup\x64\debug\step_5.exe
c:\users\ksh16\documents\algorithm\upup_skillup_powerup\x64\debug\step_5.pdb
c:\users\grection\documents\graction\김정훈\algorithm\step_5\x64\debug\step5_10818.obj
c:\users\grection\documents\graction\김정훈\algorithm\step_5\x64\debug\step5_1546.obj
c:\users\grection\documents\graction\김정훈\algorithm\step_5\x64\debug\step5_2557.obj
c:\users\grection\documents\graction\김정훈\algorithm\step_5\x64\debug\step5_2562.obj
c:\users\grection\documents\graction\김정훈\algorithm\step_5\x64\debug\step5_3052.obj
c:\users\grection\documents\graction\김정훈\algorithm\step_5\x64\debug\step5_4344.obj
c:\users\grection\documents\graction\김정훈\algorithm\step_5\x64\debug\step5_8958.obj
c:\users\grection\documents\graction\김정훈\algorithm\step_5\x64\debug\vc141.idb
c:\users\grection\documents\graction\김정훈\algorithm\step_5\x64\debug\vc142.idb
c:\users\grection\documents\graction\김정훈\algorithm\step_5\x64\debug\vc141.pdb
c:\users\grection\documents\graction\김정훈\algorithm\step_5\x64\debug\vc142.pdb
c:\users\grection\documents\graction\김정훈\algorithm\x64\debug\step_5.pdb
c:\users\grection\documents\graction\김정훈\algorithm\x64\debug\step_5.exe
c:\users\grection\documents\graction\김정훈\algorithm\x64\debug\step_5.ilk
c:\users\grection\documents\graction\김정훈\algorithm\step_5\x64\debug\step_5.tlog\cl.command.1.tlog
c:\users\grection\documents\graction\김정훈\algorithm\step_5\x64\debug\step_5.tlog\cl.read.1.tlog
c:\users\grection\documents\graction\김정훈\algorithm\step_5\x64\debug\step_5.tlog\cl.write.1.tlog
c:\users\grection\documents\graction\김정훈\algorithm\step_5\x64\debug\step_5.tlog\link.command.1.tlog
c:\users\grection\documents\graction\김정훈\algorithm\step_5\x64\debug\step_5.tlog\link.read.1.tlog
c:\users\grection\documents\graction\김정훈\algorithm\step_5\x64\debug\step_5.tlog\link.write.1.tlog
