  Main.c
  Step7_10809.c
c:\users\ksh16\documents\algorithm\step_7\step7_10809.c(17): warning C4047: '함수': 'char *'의 간접 참조 수준이 'char (*)[100]'과(와) 다릅니다.
c:\users\ksh16\documents\algorithm\step_7\step7_10809.c(17): warning C4024: 'SetChar': 형식 및 실제 매개 변수 1의 형식이 서로 다릅니다.
c:\users\ksh16\documents\algorithm\step_7\step7_10809.c(17): warning C4047: '함수': 'int *'의 간접 참조 수준이 'int (*)[25]'과(와) 다릅니다.
c:\users\ksh16\documents\algorithm\step_7\step7_10809.c(17): warning C4024: 'SetChar': 형식 및 실제 매개 변수 2의 형식이 서로 다릅니다.
  Step7_1152.c
  Step7_1157.c
  Step7_11654.c
  Step7_11720.c
c:\users\ksh16\documents\algorithm\step_7\step7_11720.c(16): warning C4477: 'printf' : 서식 문자열 '%d'에 'int' 형식의 인수가 필요하지만 variadic 인수 1의 형식이 'unsigned __int64'입니다.
  c:\users\ksh16\documents\algorithm\step_7\step7_11720.c(16): note: 서식 문자열에서 '%lld'을(를) 사용하는 것이 좋습니다.
  c:\users\ksh16\documents\algorithm\step_7\step7_11720.c(16): note: 서식 문자열에서 '%Id'을(를) 사용하는 것이 좋습니다.
  c:\users\ksh16\documents\algorithm\step_7\step7_11720.c(16): note: 서식 문자열에서 '%I64d'을(를) 사용하는 것이 좋습니다.
  Step7_1316.c
c:\users\ksh16\documents\algorithm\step_7\step7_1316.c(17): warning C4474: 'scanf' : 서식 문자열에 전달된 인수가 너무 많습니다.
  c:\users\ksh16\documents\algorithm\step_7\step7_1316.c(17): note: 자리 표시자 및 해당 매개 변수에는 variadic 인수가 1개 필요하지만 2개가 제공되었습니다.
c:\users\ksh16\documents\algorithm\step_7\step7_1316.c(13): error C4996: 'scanf': This function or variable may be unsafe. Consider using scanf_s instead. To disable deprecation, use _CRT_SECURE_NO_WARNINGS. See online help for details.
  c:\program files (x86)\windows kits\10\include\10.0.17763.0\ucrt\stdio.h(1274): note: 'scanf' 선언을 참조하십시오.
c:\users\ksh16\documents\algorithm\step_7\step7_1316.c(17): error C4996: 'scanf': This function or variable may be unsafe. Consider using scanf_s instead. To disable deprecation, use _CRT_SECURE_NO_WARNINGS. See online help for details.
  c:\program files (x86)\windows kits\10\include\10.0.17763.0\ucrt\stdio.h(1274): note: 'scanf' 선언을 참조하십시오.
  Step7_2908.c
c:\users\ksh16\documents\algorithm\step_7\step7_2908.c(18): warning C4020: 'ChangeStr': 실제 매개 변수가 너무 많습니다.
c:\users\ksh16\documents\algorithm\step_7\step7_2908.c(19): warning C4020: 'ChangeStr': 실제 매개 변수가 너무 많습니다.
c:\users\ksh16\documents\algorithm\step_7\step7_2908.c(25): warning C4029: 선언된 정식 매개 변수 목록이 정의와 다릅니다.
  Step7_5622.c
  코드를 생성하고 있습니다...
